Arguments: 
  /home/lewis/.nvm/versions/node/v8.11.1/bin/node /home/lewis/.nvm/versions/node/v8.11.1/bin/yarn start

PATH: 
  /home/lewis/.nvm/versions/node/v8.11.1/bin:/home/lewis/bin:/home/lewis/.local/bin:/usr/local/sbin:/usr/local/bin:/usr/sbin:/usr/bin:/sbin:/bin:/usr/games:/usr/local/games:/snap/bin:/usr/lib/jvm/java-10-oracle/bin:/usr/lib/jvm/java-10-oracle/db/bin

Yarn version: 
  1.6.0

Node version: 
  8.11.1

Platform: 
  linux x64

Trace: 
  SyntaxError: /home/lewis/dev/fortacms/package.json: Unexpected token < in JSON at position 192
      at JSON.parse (<anonymous>)
      at /home/lewis/.nvm/versions/node/v8.11.1/lib/node_modules/yarn/lib/cli.js:1130:59
      at Generator.next (<anonymous>)
      at step (/home/lewis/.nvm/versions/node/v8.11.1/lib/node_modules/yarn/lib/cli.js:98:30)
      at /home/lewis/.nvm/versions/node/v8.11.1/lib/node_modules/yarn/lib/cli.js:109:13
      at <anonymous>

npm manifest: 
  {
    "name": "frontend",
    "version": "0.1.0",
    "private": true,
    "dependencies": {
      "deepmerge": "^2.1.1",
      "draft-js": "^0.10.5",
      "lorem-ipsum": "^1.0.4",
      "react": "^16.4.0",
  <<<<<<< HEAD
  =======
      "react-beautiful-dnd": "^7.1.3",
      "react-contenteditable": "^2.1.0",
  >>>>>>> master
      "react-dom": "^16.4.0",
      "react-mde": "^5.5.1",
      "react-motion": "^0.5.2",
      "react-redux": "^5.0.7",
      "react-router": "^4.2.0",
      "react-router-dom": "^4.2.2",
      "react-scripts": "1.1.4",
      "react-vis": "^1.9.4",
      "redux": "^4.0.0",
      "showdown": "^1.8.6"
    },
    "scripts": {
      "start": "react-scripts start",
      "build": "react-scripts build",
      "test": "react-scripts test --env=jsdom",
      "eject": "react-scripts eject"
    }
  }

yarn manifest: 
  No manifest

Lockfile: 
  No lockfile
